
[2mRunning [22m2[2m tests using [22m2[2m workers[22m

  [31mx[39m  [2m1 [22m[31m[chrome:109:Windows 10@lambdatest] â€º pageTitle.spec.ts:8:7 â€º Header Message Validation â€º verify Title of Page[39m[2m (12.9s)[22m
  [31mx[39m  [2m2 [22m[31m[chrome:latest:Windows 10@lambdatest] â€º pageTitle.spec.ts:8:7 â€º Header Message Validation â€º verify Title of Page[39m[2m (21.1s)[22m


[31m  1) [chrome:latest:Windows 10@lambdatest] â€º pageTitle.spec.ts:8:7 â€º Header Message Validation â€º verify Title of Page [39m

    Error: page.goto: net::ERR_HTTP_RESPONSE_CODE_FAILURE at http://localhost:3000/
    =========================== logs ===========================
    navigating to "http://localhost:3000/", waiting until "load"
    ============================================================

      2 | import test from '../lambda.setup';
      3 | test.beforeEach(async ({ page }) => {
    > 4 |   await page.goto('http://localhost:3000/');
        |              ^
      5 | });
      6 |
      7 | test.describe('Header Message Validation', () => {

    [2m    at D:\foreman\ContosoTraders.Ui.Website\tests\pageTitle.spec.ts:4:14[22m

[36m    attachment #1: screenshot (image/png) [2mâ”€â”€â”€â”€â”€â”€â”€â”€â”€â”€â”€â”€â”€â”€â”€â”€â”€â”€â”€â”€â”€â”€â”€â”€â”€â”€â”€â”€â”€â”€â”€â”€â”€â”€â”€â”€â”€â”€â”€â”€â”€â”€â”€â”€â”€â”€â”€â”€â”€â”€â”€â”€â”€â”€â”€â”€â”€â”€[22m[39m
[36m    test-results\pageTitle-Header-Message-Validation-verify-Title-of-Page-chrome-latest-Windows-10-lambdatest\test-failed-1.png[39m
[36m    [2mâ”€â”€â”€â”€â”€â”€â”€â”€â”€â”€â”€â”€â”€â”€â”€â”€â”€â”€â”€â”€â”€â”€â”€â”€â”€â”€â”€â”€â”€â”€â”€â”€â”€â”€â”€â”€â”€â”€â”€â”€â”€â”€â”€â”€â”€â”€â”€â”€â”€â”€â”€â”€â”€â”€â”€â”€â”€â”€â”€â”€â”€â”€â”€â”€â”€â”€â”€â”€â”€â”€â”€â”€â”€â”€â”€â”€â”€â”€â”€â”€â”€â”€â”€â”€â”€â”€â”€â”€â”€â”€â”€â”€â”€â”€â”€â”€[22m[39m

[36m    attachment #2: screenshot (image/png) [2mâ”€â”€â”€â”€â”€â”€â”€â”€â”€â”€â”€â”€â”€â”€â”€â”€â”€â”€â”€â”€â”€â”€â”€â”€â”€â”€â”€â”€â”€â”€â”€â”€â”€â”€â”€â”€â”€â”€â”€â”€â”€â”€â”€â”€â”€â”€â”€â”€â”€â”€â”€â”€â”€â”€â”€â”€â”€â”€[22m[39m
[36m    test-results\pageTitle-Header-Message-Validation-verify-Title-of-Page-chrome-latest-Windows-10-lambdatest\test-failed-2.png[39m
[36m    [2mâ”€â”€â”€â”€â”€â”€â”€â”€â”€â”€â”€â”€â”€â”€â”€â”€â”€â”€â”€â”€â”€â”€â”€â”€â”€â”€â”€â”€â”€â”€â”€â”€â”€â”€â”€â”€â”€â”€â”€â”€â”€â”€â”€â”€â”€â”€â”€â”€â”€â”€â”€â”€â”€â”€â”€â”€â”€â”€â”€â”€â”€â”€â”€â”€â”€â”€â”€â”€â”€â”€â”€â”€â”€â”€â”€â”€â”€â”€â”€â”€â”€â”€â”€â”€â”€â”€â”€â”€â”€â”€â”€â”€â”€â”€â”€â”€[22m[39m

[31m  2) [chrome:109:Windows 10@lambdatest] â€º pageTitle.spec.ts:8:7 â€º Header Message Validation â€º verify Title of Page [39m

    Error: page.goto: net::ERR_HTTP_RESPONSE_CODE_FAILURE at http://localhost:3000/
    =========================== logs ===========================
    navigating to "http://localhost:3000/", waiting until "load"
    ============================================================

      2 | import test from '../lambda.setup';
      3 | test.beforeEach(async ({ page }) => {
    > 4 |   await page.goto('http://localhost:3000/');
        |              ^
      5 | });
      6 |
      7 | test.describe('Header Message Validation', () => {

    [2m    at D:\foreman\ContosoTraders.Ui.Website\tests\pageTitle.spec.ts:4:14[22m

[36m    attachment #1: screenshot (image/png) [2mâ”€â”€â”€â”€â”€â”€â”€â”€â”€â”€â”€â”€â”€â”€â”€â”€â”€â”€â”€â”€â”€â”€â”€â”€â”€â”€â”€â”€â”€â”€â”€â”€â”€â”€â”€â”€â”€â”€â”€â”€â”€â”€â”€â”€â”€â”€â”€â”€â”€â”€â”€â”€â”€â”€â”€â”€â”€â”€[22m[39m
[36m    test-results\pageTitle-Header-Message-Validation-verify-Title-of-Page-chrome-109-Windows-10-lambdatest\test-failed-1.png[39m
[36m    [2mâ”€â”€â”€â”€â”€â”€â”€â”€â”€â”€â”€â”€â”€â”€â”€â”€â”€â”€â”€â”€â”€â”€â”€â”€â”€â”€â”€â”€â”€â”€â”€â”€â”€â”€â”€â”€â”€â”€â”€â”€â”€â”€â”€â”€â”€â”€â”€â”€â”€â”€â”€â”€â”€â”€â”€â”€â”€â”€â”€â”€â”€â”€â”€â”€â”€â”€â”€â”€â”€â”€â”€â”€â”€â”€â”€â”€â”€â”€â”€â”€â”€â”€â”€â”€â”€â”€â”€â”€â”€â”€â”€â”€â”€â”€â”€â”€[22m[39m

[36m    attachment #2: screenshot (image/png) [2mâ”€â”€â”€â”€â”€â”€â”€â”€â”€â”€â”€â”€â”€â”€â”€â”€â”€â”€â”€â”€â”€â”€â”€â”€â”€â”€â”€â”€â”€â”€â”€â”€â”€â”€â”€â”€â”€â”€â”€â”€â”€â”€â”€â”€â”€â”€â”€â”€â”€â”€â”€â”€â”€â”€â”€â”€â”€â”€[22m[39m
[36m    test-results\pageTitle-Header-Message-Validation-verify-Title-of-Page-chrome-109-Windows-10-lambdatest\test-failed-2.png[39m
[36m    [2mâ”€â”€â”€â”€â”€â”€â”€â”€â”€â”€â”€â”€â”€â”€â”€â”€â”€â”€â”€â”€â”€â”€â”€â”€â”€â”€â”€â”€â”€â”€â”€â”€â”€â”€â”€â”€â”€â”€â”€â”€â”€â”€â”€â”€â”€â”€â”€â”€â”€â”€â”€â”€â”€â”€â”€â”€â”€â”€â”€â”€â”€â”€â”€â”€â”€â”€â”€â”€â”€â”€â”€â”€â”€â”€â”€â”€â”€â”€â”€â”€â”€â”€â”€â”€â”€â”€â”€â”€â”€â”€â”€â”€â”€â”€â”€â”€[22m[39m

[31m  2 failed[39m
[31m    [chrome:latest:Windows 10@lambdatest] â€º pageTitle.spec.ts:8:7 â€º Header Message Validation â€º verify Title of Page [39m
[31m    [chrome:109:Windows 10@lambdatest] â€º pageTitle.spec.ts:8:7 â€º Header Message Validation â€º verify Title of Page [39m

To open last HTML report run:
[36m[39m
[36m  npx playwright show-report[39m
[36m[39m
Command Failed
